<?xml version="1.0" encoding="UTF-8"?>
<!-- Generated by org.testng.reporters.JUnitReportReporter -->
<testsuite hostname="Risp" failures="0" tests="1" name="com.demoTest.DemoTest1" time="0.015" errors="0" timestamp="2024-11-05T17:03:31 IST" skipped="0">
  <testcase classname="com.demoTest.DemoTest1" name="demm" time="0.015"/>
  <system-out/>
</testsuite> <!-- com.demoTest.DemoTest1 -->
